# JRE version: OpenJDK Runtime Environment (11.0.8+10) (build 11.0.8+10-b944.6842174)
# Java VM: OpenJDK 64-Bit Server VM (11.0.8+10-b944.6842174, mixed mode, tiered, compressed oops, g1 gc, windows-amd64)
Heap:
 garbage-first heap   total 238592K, used 210238K [0x0000000080000000, 0x0000000100000000)
  region size 1024K, 29 young (29696K), 5 survivors (5120K)
 Metaspace       used 118660K, capacity 121630K, committed 121936K, reserved 1155072K
  class space    used 15005K, capacity 16128K, committed 16256K, reserved 1048576K
GC Heap History (20 events):
Event: 59.703 GC heap before
{Heap before GC invocations=68 (full 0):
 garbage-first heap   total 164864K, used 137898K [0x0000000080000000, 0x0000000100000000)
  region size 1024K, 22 young (22528K), 4 survivors (4096K)
 Metaspace       used 105072K, capacity 107526K, committed 107856K, reserved 1142784K
  class space    used 13482K, capacity 14387K, committed 14464K, reserved 1048576K
}
Event: 59.715 GC heap after
{Heap after GC invocations=69 (full 0):
 garbage-first heap   total 198656K, used 124066K [0x0000000080000000, 0x0000000100000000)
  region size 1024K, 3 young (3072K), 3 survivors (3072K)
 Metaspace       used 105072K, capacity 107526K, committed 107856K, reserved 1142784K
  class space    used 13482K, capacity 14387K, committed 14464K, reserved 1048576K
}
Event: 59.926 GC heap before
{Heap before GC invocations=69 (full 0):
 garbage-first heap   total 198656K, used 153762K [0x0000000080000000, 0x0000000100000000)
  region size 1024K, 32 young (32768K), 3 survivors (3072K)
 Metaspace       used 107529K, capacity 110214K, committed 110416K, reserved 1144832K
  class space    used 13905K, capacity 14897K, committed 14976K, reserved 1048576K
}
Event: 59.936 GC heap after
{Heap after GC invocations=70 (full 0):
 garbage-first heap   total 198656K, used 126498K [0x0000000080000000, 0x0000000100000000)
  region size 1024K, 3 young (3072K), 3 survivors (3072K)
 Metaspace       used 107529K, capacity 110214K, committed 110416K, reserved 1144832K
  class space    used 13905K, capacity 14897K, committed 14976K, reserved 1048576K
}
Event: 60.036 GC heap before
{Heap before GC invocations=70 (full 0):
 garbage-first heap   total 198656K, used 156194K [0x0000000080000000, 0x0000000100000000)
  region size 1024K, 32 young (32768K), 3 survivors (3072K)
 Metaspace       used 107988K, capacity 110627K, committed 110672K, reserved 1144832K
  class space    used 13975K, capacity 14971K, committed 14976K, reserved 1048576K
}
Event: 60.041 GC heap after
{Heap after GC invocations=71 (full 0):
 garbage-first heap   total 198656K, used 126676K [0x0000000080000000, 0x0000000100000000)
  region size 1024K, 3 young (3072K), 3 survivors (3072K)
 Metaspace       used 107988K, capacity 110627K, committed 110672K, reserved 1144832K
  class space    used 13975K, capacity 14971K, committed 14976K, reserved 1048576K
}
Event: 60.234 GC heap before
{Heap before GC invocations=71 (full 0):
 garbage-first heap   total 198656K, used 158420K [0x0000000080000000, 0x0000000100000000)
  region size 1024K, 34 young (34816K), 3 survivors (3072K)
 Metaspace       used 108680K, capacity 111360K, committed 111568K, reserved 1146880K
  class space    used 14072K, capacity 15065K, committed 15104K, reserved 1048576K
}
Event: 60.241 GC heap after
{Heap after GC invocations=72 (full 0):
 garbage-first heap   total 198656K, used 127371K [0x0000000080000000, 0x0000000100000000)
  region size 1024K, 3 young (3072K), 3 survivors (3072K)
 Metaspace       used 108680K, capacity 111360K, committed 111568K, reserved 1146880K
  class space    used 14072K, capacity 15065K, committed 15104K, reserved 1048576K
}
Event: 60.544 GC heap before
{Heap before GC invocations=72 (full 0):
 garbage-first heap   total 198656K, used 160139K [0x0000000080000000, 0x0000000100000000)
  region size 1024K, 35 young (35840K), 3 survivors (3072K)
 Metaspace       used 109336K, capacity 112000K, committed 112208K, reserved 1146880K
  class space    used 14146K, capacity 15147K, committed 15232K, reserved 1048576K
}
Event: 60.551 GC heap after
{Heap after GC invocations=73 (full 0):
 garbage-first heap   total 238592K, used 127724K [0x0000000080000000, 0x0000000100000000)
  region size 1024K, 2 young (2048K), 2 survivors (2048K)
 Metaspace       used 109336K, capacity 112000K, committed 112208K, reserved 1146880K
  class space    used 14146K, capacity 15147K, committed 15232K, reserved 1048576K
}
Event: 61.490 GC heap before
{Heap before GC invocations=73 (full 0):
 garbage-first heap   total 238592K, used 178924K [0x0000000080000000, 0x0000000100000000)
  region size 1024K, 52 young (53248K), 2 survivors (2048K)
 Metaspace       used 111145K, capacity 113918K, committed 114128K, reserved 1148928K
  class space    used 14286K, capacity 15327K, committed 15360K, reserved 1048576K
}
Event: 61.495 GC heap after
{Heap after GC invocations=74 (full 0):
 garbage-first heap   total 238592K, used 128735K [0x0000000080000000, 0x0000000100000000)
  region size 1024K, 3 young (3072K), 3 survivors (3072K)
 Metaspace       used 111145K, capacity 113918K, committed 114128K, reserved 1148928K
  class space    used 14286K, capacity 15327K, committed 15360K, reserved 1048576K
}
Event: 62.191 GC heap before
{Heap before GC invocations=74 (full 0):
 garbage-first heap   total 238592K, used 192223K [0x0000000080000000, 0x0000000100000000)
  region size 1024K, 63 young (64512K), 3 survivors (3072K)
 Metaspace       used 112316K, capacity 115200K, committed 115408K, reserved 1148928K
  class space    used 14399K, capacity 15489K, committed 15616K, reserved 1048576K
}
Event: 62.201 GC heap after
{Heap after GC invocations=75 (full 0):
 garbage-first heap   total 238592K, used 134515K [0x0000000080000000, 0x0000000100000000)
  region size 1024K, 8 young (8192K), 8 survivors (8192K)
 Metaspace       used 112316K, capacity 115200K, committed 115408K, reserved 1148928K
  class space    used 14399K, capacity 15489K, committed 15616K, reserved 1048576K
}
Event: 63.591 GC heap before
{Heap before GC invocations=75 (full 0):
 garbage-first heap   total 238592K, used 192883K [0x0000000080000000, 0x0000000100000000)
  region size 1024K, 65 young (66560K), 8 survivors (8192K)
 Metaspace       used 112673K, capacity 115622K, committed 115920K, reserved 1148928K
  class space    used 14419K, capacity 15491K, committed 15616K, reserved 1048576K
}
Event: 63.598 GC heap after
{Heap after GC invocations=76 (full 0):
 garbage-first heap   total 238592K, used 130867K [0x0000000080000000, 0x0000000100000000)
  region size 1024K, 3 young (3072K), 3 survivors (3072K)
 Metaspace       used 112673K, capacity 115622K, committed 115920K, reserved 1148928K
  class space    used 14419K, capacity 15491K, committed 15616K, reserved 1048576K
}
Event: 64.575 GC heap before
{Heap before GC invocations=76 (full 0):
 garbage-first heap   total 238592K, used 195379K [0x0000000080000000, 0x0000000100000000)
  region size 1024K, 64 young (65536K), 3 survivors (3072K)
 Metaspace       used 114776K, capacity 117767K, committed 117968K, reserved 1150976K
  class space    used 14697K, capacity 15846K, committed 15872K, reserved 1048576K
}
Event: 64.586 GC heap after
{Heap after GC invocations=77 (full 0):
 garbage-first heap   total 238592K, used 134737K [0x0000000080000000, 0x0000000100000000)
  region size 1024K, 6 young (6144K), 6 survivors (6144K)
 Metaspace       used 114776K, capacity 117767K, committed 117968K, reserved 1150976K
  class space    used 14697K, capacity 15846K, committed 15872K, reserved 1048576K
}
Event: 64.975 GC heap before
{Heap before GC invocations=77 (full 0):
 garbage-first heap   total 238592K, used 163409K [0x0000000080000000, 0x0000000100000000)
  region size 1024K, 17 young (17408K), 6 survivors (6144K)
 Metaspace       used 115477K, capacity 118505K, committed 118608K, reserved 1153024K
  class space    used 14789K, capacity 15942K, committed 16000K, reserved 1048576K
}
Event: 64.983 GC heap after
{Heap after GC invocations=78 (full 0):
 garbage-first heap   total 238592K, used 151870K [0x0000000080000000, 0x0000000100000000)
  region size 1024K, 5 young (5120K), 5 survivors (5120K)
 Metaspace       used 115477K, capacity 118505K, committed 118608K, reserved 1153024K
  class space    used 14789K, capacity 15942K, committed 16000K, reserved 1048576K
}

