# JRE version: OpenJDK Runtime Environment (11.0.8+10) (build 11.0.8+10-b944.6842174)
# Java VM: OpenJDK 64-Bit Server VM (11.0.8+10-b944.6842174, mixed mode, tiered, compressed oops, g1 gc, windows-amd64)
Heap:
 garbage-first heap   total 198656K, used 153844K [0x0000000080000000, 0x0000000100000000)
  region size 1024K, 72 young (73728K), 6 survivors (6144K)
 Metaspace       used 86223K, capacity 88366K, committed 88448K, reserved 1126400K
  class space    used 10861K, capacity 11579K, committed 11648K, reserved 1048576K
GC Heap History (20 events):
Event: 6.580 GC heap before
{Heap before GC invocations=12 (full 0):
 garbage-first heap   total 137216K, used 99007K [0x0000000080000000, 0x0000000100000000)
  region size 1024K, 72 young (73728K), 8 survivors (8192K)
 Metaspace       used 49801K, capacity 51047K, committed 51328K, reserved 1093632K
  class space    used 6328K, capacity 6710K, committed 6784K, reserved 1048576K
}
Event: 6.594 GC heap after
{Heap after GC invocations=13 (full 0):
 garbage-first heap   total 137216K, used 44493K [0x0000000080000000, 0x0000000100000000)
  region size 1024K, 9 young (9216K), 9 survivors (9216K)
 Metaspace       used 49801K, capacity 51047K, committed 51328K, reserved 1093632K
  class space    used 6328K, capacity 6710K, committed 6784K, reserved 1048576K
}
Event: 7.657 GC heap before
{Heap before GC invocations=13 (full 0):
 garbage-first heap   total 137216K, used 100813K [0x0000000080000000, 0x0000000100000000)
  region size 1024K, 64 young (65536K), 9 survivors (9216K)
 Metaspace       used 57172K, capacity 58571K, committed 58752K, reserved 1099776K
  class space    used 7275K, capacity 7780K, committed 7808K, reserved 1048576K
}
Event: 7.674 GC heap after
{Heap after GC invocations=14 (full 0):
 garbage-first heap   total 137216K, used 48782K [0x0000000080000000, 0x0000000100000000)
  region size 1024K, 4 young (4096K), 4 survivors (4096K)
 Metaspace       used 57172K, capacity 58571K, committed 58752K, reserved 1099776K
  class space    used 7275K, capacity 7780K, committed 7808K, reserved 1048576K
}
Event: 7.915 GC heap before
{Heap before GC invocations=14 (full 0):
 garbage-first heap   total 137216K, used 62094K [0x0000000080000000, 0x0000000100000000)
  region size 1024K, 18 young (18432K), 4 survivors (4096K)
 Metaspace       used 58581K, capacity 59999K, committed 60160K, reserved 1101824K
  class space    used 7429K, capacity 7953K, committed 8064K, reserved 1048576K
}
Event: 7.923 GC heap after
{Heap after GC invocations=15 (full 0):
 garbage-first heap   total 164864K, used 49655K [0x0000000080000000, 0x0000000100000000)
  region size 1024K, 5 young (5120K), 5 survivors (5120K)
 Metaspace       used 58581K, capacity 59999K, committed 60160K, reserved 1101824K
  class space    used 7429K, capacity 7953K, committed 8064K, reserved 1048576K
}
Event: 8.939 GC heap before
{Heap before GC invocations=16 (full 0):
 garbage-first heap   total 164864K, used 106999K [0x0000000080000000, 0x0000000100000000)
  region size 1024K, 61 young (62464K), 5 survivors (5120K)
 Metaspace       used 61932K, capacity 63534K, committed 63744K, reserved 1103872K
  class space    used 7852K, capacity 8378K, committed 8448K, reserved 1048576K
}
Event: 8.957 GC heap after
{Heap after GC invocations=17 (full 0):
 garbage-first heap   total 164864K, used 54007K [0x0000000080000000, 0x0000000100000000)
  region size 1024K, 6 young (6144K), 6 survivors (6144K)
 Metaspace       used 61932K, capacity 63534K, committed 63744K, reserved 1103872K
  class space    used 7852K, capacity 8378K, committed 8448K, reserved 1048576K
}
Event: 10.239 GC heap before
{Heap before GC invocations=17 (full 0):
 garbage-first heap   total 164864K, used 112375K [0x0000000080000000, 0x0000000100000000)
  region size 1024K, 63 young (64512K), 6 survivors (6144K)
 Metaspace       used 67661K, capacity 69173K, committed 69248K, reserved 1110016K
  class space    used 8758K, capacity 9272K, committed 9344K, reserved 1048576K
}
Event: 10.249 GC heap after
{Heap after GC invocations=18 (full 0):
 garbage-first heap   total 164864K, used 58198K [0x0000000080000000, 0x0000000100000000)
  region size 1024K, 5 young (5120K), 5 survivors (5120K)
 Metaspace       used 67661K, capacity 69173K, committed 69248K, reserved 1110016K
  class space    used 8758K, capacity 9272K, committed 9344K, reserved 1048576K
}
Event: 11.031 GC heap before
{Heap before GC invocations=18 (full 0):
 garbage-first heap   total 164864K, used 116566K [0x0000000080000000, 0x0000000100000000)
  region size 1024K, 62 young (63488K), 5 survivors (5120K)
 Metaspace       used 72758K, capacity 74424K, committed 74624K, reserved 1114112K
  class space    used 9450K, capacity 10033K, committed 10112K, reserved 1048576K
}
Event: 11.044 GC heap after
{Heap after GC invocations=19 (full 0):
 garbage-first heap   total 164864K, used 62692K [0x0000000080000000, 0x0000000100000000)
  region size 1024K, 8 young (8192K), 8 survivors (8192K)
 Metaspace       used 72758K, capacity 74424K, committed 74624K, reserved 1114112K
  class space    used 9450K, capacity 10033K, committed 10112K, reserved 1048576K
}
Event: 11.863 GC heap before
{Heap before GC invocations=19 (full 0):
 garbage-first heap   total 164864K, used 126180K [0x0000000080000000, 0x0000000100000000)
  region size 1024K, 65 young (66560K), 8 survivors (8192K)
 Metaspace       used 76927K, capacity 78664K, committed 78720K, reserved 1118208K
  class space    used 10022K, capacity 10600K, committed 10624K, reserved 1048576K
}
Event: 11.875 GC heap after
{Heap after GC invocations=20 (full 0):
 garbage-first heap   total 164864K, used 66622K [0x0000000080000000, 0x0000000100000000)
  region size 1024K, 8 young (8192K), 8 survivors (8192K)
 Metaspace       used 76927K, capacity 78664K, committed 78720K, reserved 1118208K
  class space    used 10022K, capacity 10600K, committed 10624K, reserved 1048576K
}
Event: 12.814 GC heap before
{Heap before GC invocations=20 (full 0):
 garbage-first heap   total 164864K, used 123966K [0x0000000080000000, 0x0000000100000000)
  region size 1024K, 65 young (66560K), 8 survivors (8192K)
 Metaspace       used 80876K, capacity 82841K, committed 82944K, reserved 1120256K
  class space    used 10508K, capacity 11191K, committed 11264K, reserved 1048576K
}
Event: 12.830 GC heap after
{Heap after GC invocations=21 (full 0):
 garbage-first heap   total 198656K, used 72704K [0x0000000080000000, 0x0000000100000000)
  region size 1024K, 9 young (9216K), 9 survivors (9216K)
 Metaspace       used 80876K, capacity 82841K, committed 82944K, reserved 1120256K
  class space    used 10508K, capacity 11191K, committed 11264K, reserved 1048576K
}
Event: 14.341 GC heap before
{Heap before GC invocations=21 (full 0):
 garbage-first heap   total 198656K, used 141312K [0x0000000080000000, 0x0000000100000000)
  region size 1024K, 77 young (78848K), 9 survivors (9216K)
 Metaspace       used 81572K, capacity 83608K, committed 83840K, reserved 1122304K
  class space    used 10553K, capacity 11276K, committed 11392K, reserved 1048576K
}
Event: 14.354 GC heap after
{Heap after GC invocations=22 (full 0):
 garbage-first heap   total 198656K, used 77237K [0x0000000080000000, 0x0000000100000000)
  region size 1024K, 6 young (6144K), 6 survivors (6144K)
 Metaspace       used 81572K, capacity 83608K, committed 83840K, reserved 1122304K
  class space    used 10553K, capacity 11276K, committed 11392K, reserved 1048576K
}
Event: 62.742 GC heap before
{Heap before GC invocations=22 (full 0):
 garbage-first heap   total 198656K, used 146869K [0x0000000080000000, 0x0000000100000000)
  region size 1024K, 74 young (75776K), 6 survivors (6144K)
 Metaspace       used 85769K, capacity 87969K, committed 88192K, reserved 1126400K
  class space    used 10854K, capacity 11569K, committed 11648K, reserved 1048576K
}
Event: 62.757 GC heap after
{Heap after GC invocations=23 (full 0):
 garbage-first heap   total 198656K, used 82164K [0x0000000080000000, 0x0000000100000000)
  region size 1024K, 6 young (6144K), 6 survivors (6144K)
 Metaspace       used 85769K, capacity 87969K, committed 88192K, reserved 1126400K
  class space    used 10854K, capacity 11569K, committed 11648K, reserved 1048576K
}

