# JRE version: OpenJDK Runtime Environment (11.0.8+10) (build 11.0.8+10-b944.6842174)
# Java VM: OpenJDK 64-Bit Server VM (11.0.8+10-b944.6842174, mixed mode, tiered, compressed oops, g1 gc, windows-amd64)
Heap:
 garbage-first heap   total 288768K, used 177592K [0x0000000080000000, 0x0000000100000000)
  region size 1024K, 44 young (45056K), 4 survivors (4096K)
 Metaspace       used 137479K, capacity 141461K, committed 141604K, reserved 1173504K
  class space    used 16396K, capacity 17812K, committed 17868K, reserved 1048576K
GC Heap History (20 events):
Event: 3447.591 GC heap before
{Heap before GC invocations=196 (full 0):
 garbage-first heap   total 288768K, used 129867K [0x0000000080000000, 0x0000000100000000)
  region size 1024K, 14 young (14336K), 10 survivors (10240K)
 Metaspace       used 137157K, capacity 141106K, committed 141348K, reserved 1173504K
  class space    used 16374K, capacity 17760K, committed 17868K, reserved 1048576K
}
Event: 3447.614 GC heap after
{Heap after GC invocations=197 (full 0):
 garbage-first heap   total 288768K, used 125727K [0x0000000080000000, 0x0000000100000000)
  region size 1024K, 2 young (2048K), 2 survivors (2048K)
 Metaspace       used 137157K, capacity 141106K, committed 141348K, reserved 1173504K
  class space    used 16374K, capacity 17760K, committed 17868K, reserved 1048576K
}
Event: 3447.956 GC heap before
{Heap before GC invocations=197 (full 0):
 garbage-first heap   total 288768K, used 228127K [0x0000000080000000, 0x0000000100000000)
  region size 1024K, 103 young (105472K), 2 survivors (2048K)
 Metaspace       used 137161K, capacity 141109K, committed 141348K, reserved 1173504K
  class space    used 16375K, capacity 17761K, committed 17868K, reserved 1048576K
}
Event: 3447.965 GC heap after
{Heap after GC invocations=198 (full 0):
 garbage-first heap   total 288768K, used 126309K [0x0000000080000000, 0x0000000100000000)
  region size 1024K, 2 young (2048K), 2 survivors (2048K)
 Metaspace       used 137161K, capacity 141109K, committed 141348K, reserved 1173504K
  class space    used 16375K, capacity 17761K, committed 17868K, reserved 1048576K
}
Event: 3846.815 GC heap before
{Heap before GC invocations=199 (full 0):
 garbage-first heap   total 288768K, used 236901K [0x0000000080000000, 0x0000000100000000)
  region size 1024K, 108 young (110592K), 2 survivors (2048K)
 Metaspace       used 135206K, capacity 139176K, committed 141348K, reserved 1173504K
  class space    used 16246K, capacity 17625K, committed 17868K, reserved 1048576K
}
Event: 3846.827 GC heap after
{Heap after GC invocations=200 (full 0):
 garbage-first heap   total 288768K, used 131840K [0x0000000080000000, 0x0000000100000000)
  region size 1024K, 8 young (8192K), 8 survivors (8192K)
 Metaspace       used 135206K, capacity 139176K, committed 141348K, reserved 1173504K
  class space    used 16246K, capacity 17625K, committed 17868K, reserved 1048576K
}
Event: 3846.862 GC heap before
{Heap before GC invocations=200 (full 0):
 garbage-first heap   total 288768K, used 136960K [0x0000000080000000, 0x0000000100000000)
  region size 1024K, 14 young (14336K), 8 survivors (8192K)
 Metaspace       used 135206K, capacity 139176K, committed 141348K, reserved 1173504K
  class space    used 16246K, capacity 17625K, committed 17868K, reserved 1048576K
}
Event: 3846.879 GC heap after
{Heap after GC invocations=201 (full 0):
 garbage-first heap   total 288768K, used 120064K [0x0000000080000000, 0x0000000100000000)
  region size 1024K, 1 young (1024K), 1 survivors (1024K)
 Metaspace       used 135206K, capacity 139176K, committed 141348K, reserved 1173504K
  class space    used 16246K, capacity 17625K, committed 17868K, reserved 1048576K
}
Event: 3861.541 GC heap before
{Heap before GC invocations=201 (full 0):
 garbage-first heap   total 288768K, used 219392K [0x0000000080000000, 0x0000000100000000)
  region size 1024K, 100 young (102400K), 1 survivors (1024K)
 Metaspace       used 135346K, capacity 139327K, committed 141348K, reserved 1173504K
  class space    used 16266K, capacity 17676K, committed 17868K, reserved 1048576K
}
Event: 3861.550 GC heap after
{Heap after GC invocations=202 (full 0):
 garbage-first heap   total 288768K, used 121256K [0x0000000080000000, 0x0000000100000000)
  region size 1024K, 3 young (3072K), 3 survivors (3072K)
 Metaspace       used 135346K, capacity 139327K, committed 141348K, reserved 1173504K
  class space    used 16266K, capacity 17676K, committed 17868K, reserved 1048576K
}
Event: 3861.924 GC heap before
{Heap before GC invocations=203 (full 0):
 garbage-first heap   total 288768K, used 234920K [0x0000000080000000, 0x0000000100000000)
  region size 1024K, 113 young (115712K), 3 survivors (3072K)
 Metaspace       used 135348K, capacity 139327K, committed 141348K, reserved 1173504K
  class space    used 16266K, capacity 17676K, committed 17868K, reserved 1048576K
}
Event: 3861.931 GC heap after
{Heap after GC invocations=204 (full 0):
 garbage-first heap   total 288768K, used 122896K [0x0000000080000000, 0x0000000100000000)
  region size 1024K, 4 young (4096K), 4 survivors (4096K)
 Metaspace       used 135348K, capacity 139327K, committed 141348K, reserved 1173504K
  class space    used 16266K, capacity 17676K, committed 17868K, reserved 1048576K
}
Event: 3862.065 GC heap before
{Heap before GC invocations=204 (full 0):
 garbage-first heap   total 288768K, used 136208K [0x0000000080000000, 0x0000000100000000)
  region size 1024K, 14 young (14336K), 4 survivors (4096K)
 Metaspace       used 135609K, capacity 139631K, committed 141348K, reserved 1173504K
  class space    used 16289K, capacity 17716K, committed 17868K, reserved 1048576K
}
Event: 3862.075 GC heap after
{Heap after GC invocations=205 (full 0):
 garbage-first heap   total 288768K, used 116543K [0x0000000080000000, 0x0000000100000000)
  region size 1024K, 2 young (2048K), 2 survivors (2048K)
 Metaspace       used 135609K, capacity 139631K, committed 141348K, reserved 1173504K
  class space    used 16289K, capacity 17716K, committed 17868K, reserved 1048576K
}
Event: 3862.342 GC heap before
{Heap before GC invocations=205 (full 0):
 garbage-first heap   total 288768K, used 127807K [0x0000000080000000, 0x0000000100000000)
  region size 1024K, 14 young (14336K), 2 survivors (2048K)
 Metaspace       used 135609K, capacity 139631K, committed 141348K, reserved 1173504K
  class space    used 16289K, capacity 17716K, committed 17868K, reserved 1048576K
}
Event: 3862.347 GC heap after
{Heap after GC invocations=206 (full 0):
 garbage-first heap   total 288768K, used 119605K [0x0000000080000000, 0x0000000100000000)
  region size 1024K, 5 young (5120K), 5 survivors (5120K)
 Metaspace       used 135609K, capacity 139631K, committed 141348K, reserved 1173504K
  class space    used 16289K, capacity 17716K, committed 17868K, reserved 1048576K
}
Event: 3876.486 GC heap before
{Heap before GC invocations=207 (full 0):
 garbage-first heap   total 288768K, used 192309K [0x0000000080000000, 0x0000000100000000)
  region size 1024K, 72 young (73728K), 5 survivors (5120K)
 Metaspace       used 137447K, capacity 141460K, committed 141604K, reserved 1173504K
  class space    used 16395K, capacity 17812K, committed 17868K, reserved 1048576K
}
Event: 3876.493 GC heap after
{Heap after GC invocations=208 (full 0):
 garbage-first heap   total 288768K, used 122230K [0x0000000080000000, 0x0000000100000000)
  region size 1024K, 5 young (5120K), 5 survivors (5120K)
 Metaspace       used 137447K, capacity 141460K, committed 141604K, reserved 1173504K
  class space    used 16395K, capacity 17812K, committed 17868K, reserved 1048576K
}
Event: 3876.538 GC heap before
{Heap before GC invocations=208 (full 0):
 garbage-first heap   total 288768K, used 125302K [0x0000000080000000, 0x0000000100000000)
  region size 1024K, 10 young (10240K), 5 survivors (5120K)
 Metaspace       used 137447K, capacity 141460K, committed 141604K, reserved 1173504K
  class space    used 16395K, capacity 17812K, committed 17868K, reserved 1048576K
}
Event: 3876.542 GC heap after
{Heap after GC invocations=209 (full 0):
 garbage-first heap   total 288768K, used 121272K [0x0000000080000000, 0x0000000100000000)
  region size 1024K, 4 young (4096K), 4 survivors (4096K)
 Metaspace       used 137447K, capacity 141460K, committed 141604K, reserved 1173504K
  class space    used 16395K, capacity 17812K, committed 17868K, reserved 1048576K
}

