# JRE version: OpenJDK Runtime Environment (11.0.8+10) (build 11.0.8+10-b944.6842174)
# Java VM: OpenJDK 64-Bit Server VM (11.0.8+10-b944.6842174, mixed mode, tiered, compressed oops, g1 gc, windows-amd64)
Heap:
 garbage-first heap   total 305152K, used 158500K [0x0000000080000000, 0x0000000100000000)
  region size 1024K, 15 young (15360K), 2 survivors (2048K)
 Metaspace       used 121648K, capacity 124738K, committed 124876K, reserved 1159168K
  class space    used 14450K, capacity 15492K, committed 15564K, reserved 1048576K
GC Heap History (20 events):
Event: 536.334 GC heap before
{Heap before GC invocations=86 (full 0):
 garbage-first heap   total 246784K, used 126546K [0x0000000080000000, 0x0000000100000000)
  region size 1024K, 12 young (12288K), 2 survivors (2048K)
 Metaspace       used 101672K, capacity 104089K, committed 104396K, reserved 1140736K
  class space    used 12329K, capacity 13163K, committed 13260K, reserved 1048576K
}
Event: 536.339 GC heap after
{Heap after GC invocations=87 (full 0):
 garbage-first heap   total 246784K, used 102338K [0x0000000080000000, 0x0000000100000000)
  region size 1024K, 2 young (2048K), 2 survivors (2048K)
 Metaspace       used 101672K, capacity 104089K, committed 104396K, reserved 1140736K
  class space    used 12329K, capacity 13163K, committed 13260K, reserved 1048576K
}
Event: 536.788 GC heap before
{Heap before GC invocations=87 (full 0):
 garbage-first heap   total 246784K, used 165826K [0x0000000080000000, 0x0000000100000000)
  region size 1024K, 65 young (66560K), 2 survivors (2048K)
 Metaspace       used 101691K, capacity 104089K, committed 104396K, reserved 1140736K
  class space    used 12330K, capacity 13163K, committed 13260K, reserved 1048576K
}
Event: 536.793 GC heap after
{Heap after GC invocations=88 (full 0):
 garbage-first heap   total 246784K, used 102926K [0x0000000080000000, 0x0000000100000000)
  region size 1024K, 2 young (2048K), 2 survivors (2048K)
 Metaspace       used 101691K, capacity 104089K, committed 104396K, reserved 1140736K
  class space    used 12330K, capacity 13163K, committed 13260K, reserved 1048576K
}
Event: 538.504 GC heap before
{Heap before GC invocations=89 (full 0):
 garbage-first heap   total 246784K, used 173582K [0x0000000080000000, 0x0000000100000000)
  region size 1024K, 72 young (73728K), 2 survivors (2048K)
 Metaspace       used 102672K, capacity 105118K, committed 105292K, reserved 1140736K
  class space    used 12414K, capacity 13270K, committed 13388K, reserved 1048576K
}
Event: 538.517 GC heap after
{Heap after GC invocations=90 (full 0):
 garbage-first heap   total 246784K, used 110532K [0x0000000080000000, 0x0000000100000000)
  region size 1024K, 9 young (9216K), 9 survivors (9216K)
 Metaspace       used 102672K, capacity 105118K, committed 105292K, reserved 1140736K
  class space    used 12414K, capacity 13270K, committed 13388K, reserved 1048576K
}
Event: 538.535 GC heap before
{Heap before GC invocations=90 (full 0):
 garbage-first heap   total 246784K, used 112580K [0x0000000080000000, 0x0000000100000000)
  region size 1024K, 12 young (12288K), 9 survivors (9216K)
 Metaspace       used 102707K, capacity 105182K, committed 105548K, reserved 1140736K
  class space    used 12414K, capacity 13270K, committed 13388K, reserved 1048576K
}
Event: 538.547 GC heap after
{Heap after GC invocations=91 (full 0):
 garbage-first heap   total 305152K, used 108171K [0x0000000080000000, 0x0000000100000000)
  region size 1024K, 2 young (2048K), 2 survivors (2048K)
 Metaspace       used 102707K, capacity 105182K, committed 105548K, reserved 1140736K
  class space    used 12414K, capacity 13270K, committed 13388K, reserved 1048576K
}
Event: 539.296 GC heap before
{Heap before GC invocations=91 (full 0):
 garbage-first heap   total 305152K, used 195211K [0x0000000080000000, 0x0000000100000000)
  region size 1024K, 88 young (90112K), 2 survivors (2048K)
 Metaspace       used 105080K, capacity 107578K, committed 107852K, reserved 1142784K
  class space    used 12709K, capacity 13577K, committed 13644K, reserved 1048576K
}
Event: 539.306 GC heap after
{Heap after GC invocations=92 (full 0):
 garbage-first heap   total 305152K, used 112271K [0x0000000080000000, 0x0000000100000000)
  region size 1024K, 6 young (6144K), 6 survivors (6144K)
 Metaspace       used 105080K, capacity 107578K, committed 107852K, reserved 1142784K
  class space    used 12709K, capacity 13577K, committed 13644K, reserved 1048576K
}
Event: 555.217 GC heap before
{Heap before GC invocations=92 (full 0):
 garbage-first heap   total 305152K, used 206479K [0x0000000080000000, 0x0000000100000000)
  region size 1024K, 100 young (102400K), 6 survivors (6144K)
 Metaspace       used 108070K, capacity 110739K, committed 110924K, reserved 1146880K
  class space    used 13115K, capacity 14052K, committed 14156K, reserved 1048576K
}
Event: 555.228 GC heap after
{Heap after GC invocations=93 (full 0):
 garbage-first heap   total 305152K, used 115641K [0x0000000080000000, 0x0000000100000000)
  region size 1024K, 9 young (9216K), 9 survivors (9216K)
 Metaspace       used 108070K, capacity 110739K, committed 110924K, reserved 1146880K
  class space    used 13115K, capacity 14052K, committed 14156K, reserved 1048576K
}
Event: 557.604 GC heap before
{Heap before GC invocations=94 (full 0):
 garbage-first heap   total 305152K, used 246713K [0x0000000080000000, 0x0000000100000000)
  region size 1024K, 126 young (129024K), 9 survivors (9216K)
 Metaspace       used 118503K, capacity 121411K, committed 121548K, reserved 1155072K
  class space    used 14186K, capacity 15173K, committed 15308K, reserved 1048576K
}
Event: 557.624 GC heap after
{Heap after GC invocations=95 (full 0):
 garbage-first heap   total 305152K, used 133475K [0x0000000080000000, 0x0000000100000000)
  region size 1024K, 16 young (16384K), 16 survivors (16384K)
 Metaspace       used 118503K, capacity 121411K, committed 121548K, reserved 1155072K
  class space    used 14186K, capacity 15173K, committed 15308K, reserved 1048576K
}
Event: 557.635 GC heap before
{Heap before GC invocations=95 (full 0):
 garbage-first heap   total 305152K, used 133475K [0x0000000080000000, 0x0000000100000000)
  region size 1024K, 17 young (17408K), 16 survivors (16384K)
 Metaspace       used 118548K, capacity 121411K, committed 121548K, reserved 1155072K
  class space    used 14196K, capacity 15173K, committed 15308K, reserved 1048576K
}
Event: 557.655 GC heap after
{Heap after GC invocations=96 (full 0):
 garbage-first heap   total 305152K, used 135417K [0x0000000080000000, 0x0000000100000000)
  region size 1024K, 3 young (3072K), 3 survivors (3072K)
 Metaspace       used 118548K, capacity 121411K, committed 121548K, reserved 1155072K
  class space    used 14196K, capacity 15173K, committed 15308K, reserved 1048576K
}
Event: 565.205 GC heap before
{Heap before GC invocations=96 (full 0):
 garbage-first heap   total 305152K, used 241913K [0x0000000080000000, 0x0000000100000000)
  region size 1024K, 105 young (107520K), 3 survivors (3072K)
 Metaspace       used 121531K, capacity 124543K, committed 124620K, reserved 1159168K
  class space    used 14449K, capacity 15491K, committed 15564K, reserved 1048576K
}
Event: 565.218 GC heap after
{Heap after GC invocations=97 (full 0):
 garbage-first heap   total 305152K, used 143097K [0x0000000080000000, 0x0000000100000000)
  region size 1024K, 10 young (10240K), 10 survivors (10240K)
 Metaspace       used 121531K, capacity 124543K, committed 124620K, reserved 1159168K
  class space    used 14449K, capacity 15491K, committed 15564K, reserved 1048576K
}
Event: 565.242 GC heap before
{Heap before GC invocations=97 (full 0):
 garbage-first heap   total 305152K, used 144121K [0x0000000080000000, 0x0000000100000000)
  region size 1024K, 12 young (12288K), 10 survivors (10240K)
 Metaspace       used 121636K, capacity 124671K, committed 124876K, reserved 1159168K
  class space    used 14450K, capacity 15491K, committed 15564K, reserved 1048576K
}
Event: 565.261 GC heap after
{Heap after GC invocations=98 (full 0):
 garbage-first heap   total 305152K, used 144164K [0x0000000080000000, 0x0000000100000000)
  region size 1024K, 2 young (2048K), 2 survivors (2048K)
 Metaspace       used 121636K, capacity 124671K, committed 124876K, reserved 1159168K
  class space    used 14450K, capacity 15491K, committed 15564K, reserved 1048576K
}

