# JRE version: OpenJDK Runtime Environment (11.0.10) (build 11.0.10+0-b96-7249189)
# Java VM: OpenJDK 64-Bit Server VM (11.0.10+0-b96-7249189, mixed mode, tiered, compressed oops, g1 gc, windows-amd64)
Heap:
 garbage-first heap   total 198656K, used 118468K [0x0000000080000000, 0x0000000100000000)
  region size 1024K, 8 young (8192K), 1 survivors (1024K)
 Metaspace       used 107830K, capacity 110614K, committed 111232K, reserved 1144832K
  class space    used 13712K, capacity 14747K, committed 14976K, reserved 1048576K
GC Heap History (20 events):
Event: 110.633 GC heap before
{Heap before GC invocations=28 (full 0):
 garbage-first heap   total 198656K, used 162291K [0x0000000080000000, 0x0000000100000000)
  region size 1024K, 73 young (74752K), 8 survivors (8192K)
 Metaspace       used 106395K, capacity 109329K, committed 109440K, reserved 1144832K
  class space    used 13785K, capacity 14884K, committed 14976K, reserved 1048576K
}
Event: 110.653 GC heap after
{Heap after GC invocations=29 (full 0):
 garbage-first heap   total 198656K, used 98509K [0x0000000080000000, 0x0000000100000000)
  region size 1024K, 2 young (2048K), 2 survivors (2048K)
 Metaspace       used 106395K, capacity 109329K, committed 109440K, reserved 1144832K
  class space    used 13785K, capacity 14884K, committed 14976K, reserved 1048576K
}
Event: 113.020 GC heap before
{Heap before GC invocations=29 (full 0):
 garbage-first heap   total 198656K, used 163021K [0x0000000080000000, 0x0000000100000000)
  region size 1024K, 66 young (67584K), 2 survivors (2048K)
 Metaspace       used 106513K, capacity 109476K, committed 109696K, reserved 1144832K
  class space    used 13788K, capacity 14888K, committed 14976K, reserved 1048576K
}
Event: 113.027 GC heap after
{Heap after GC invocations=30 (full 0):
 garbage-first heap   total 198656K, used 99680K [0x0000000080000000, 0x0000000100000000)
  region size 1024K, 4 young (4096K), 4 survivors (4096K)
 Metaspace       used 106513K, capacity 109476K, committed 109696K, reserved 1144832K
  class space    used 13788K, capacity 14888K, committed 14976K, reserved 1048576K
}
Event: 113.976 GC heap before
{Heap before GC invocations=31 (full 0):
 garbage-first heap   total 198656K, used 164192K [0x0000000080000000, 0x0000000100000000)
  region size 1024K, 68 young (69632K), 4 survivors (4096K)
 Metaspace       used 106524K, capacity 109277K, committed 109952K, reserved 1144832K
  class space    used 13687K, capacity 14710K, committed 14976K, reserved 1048576K
}
Event: 113.984 GC heap after
{Heap after GC invocations=32 (full 0):
 garbage-first heap   total 198656K, used 100543K [0x0000000080000000, 0x0000000100000000)
  region size 1024K, 4 young (4096K), 4 survivors (4096K)
 Metaspace       used 106524K, capacity 109277K, committed 109952K, reserved 1144832K
  class space    used 13687K, capacity 14710K, committed 14976K, reserved 1048576K
}
Event: 114.132 GC heap before
{Heap before GC invocations=32 (full 0):
 garbage-first heap   total 198656K, used 118975K [0x0000000080000000, 0x0000000100000000)
  region size 1024K, 9 young (9216K), 4 survivors (4096K)
 Metaspace       used 106540K, capacity 109277K, committed 109952K, reserved 1144832K
  class space    used 13687K, capacity 14710K, committed 14976K, reserved 1048576K
}
Event: 114.142 GC heap after
{Heap after GC invocations=33 (full 0):
 garbage-first heap   total 198656K, used 98026K [0x0000000080000000, 0x0000000100000000)
  region size 1024K, 1 young (1024K), 1 survivors (1024K)
 Metaspace       used 106540K, capacity 109277K, committed 109952K, reserved 1144832K
  class space    used 13687K, capacity 14710K, committed 14976K, reserved 1048576K
}
Event: 189.751 GC heap before
{Heap before GC invocations=33 (full 0):
 garbage-first heap   total 198656K, used 164586K [0x0000000080000000, 0x0000000100000000)
  region size 1024K, 67 young (68608K), 1 survivors (1024K)
 Metaspace       used 106921K, capacity 109733K, committed 110464K, reserved 1144832K
  class space    used 13698K, capacity 14723K, committed 14976K, reserved 1048576K
}
Event: 189.764 GC heap after
{Heap after GC invocations=34 (full 0):
 garbage-first heap   total 198656K, used 103074K [0x0000000080000000, 0x0000000100000000)
  region size 1024K, 6 young (6144K), 6 survivors (6144K)
 Metaspace       used 106921K, capacity 109733K, committed 110464K, reserved 1144832K
  class space    used 13698K, capacity 14723K, committed 14976K, reserved 1048576K
}
Event: 190.811 GC heap before
{Heap before GC invocations=35 (full 0):
 garbage-first heap   total 198656K, used 164514K [0x0000000080000000, 0x0000000100000000)
  region size 1024K, 67 young (68608K), 6 survivors (6144K)
 Metaspace       used 106988K, capacity 109751K, committed 110464K, reserved 1144832K
  class space    used 13701K, capacity 14729K, committed 14976K, reserved 1048576K
}
Event: 190.821 GC heap after
{Heap after GC invocations=36 (full 0):
 garbage-first heap   total 198656K, used 104811K [0x0000000080000000, 0x0000000100000000)
  region size 1024K, 2 young (2048K), 2 survivors (2048K)
 Metaspace       used 106988K, capacity 109751K, committed 110464K, reserved 1144832K
  class space    used 13701K, capacity 14729K, committed 14976K, reserved 1048576K
}
Event: 190.878 GC heap before
{Heap before GC invocations=36 (full 0):
 garbage-first heap   total 198656K, used 110955K [0x0000000080000000, 0x0000000100000000)
  region size 1024K, 9 young (9216K), 2 survivors (2048K)
 Metaspace       used 106991K, capacity 109751K, committed 110464K, reserved 1144832K
  class space    used 13701K, capacity 14729K, committed 14976K, reserved 1048576K
}
Event: 190.887 GC heap after
{Heap after GC invocations=37 (full 0):
 garbage-first heap   total 198656K, used 102662K [0x0000000080000000, 0x0000000100000000)
  region size 1024K, 1 young (1024K), 1 survivors (1024K)
 Metaspace       used 106991K, capacity 109751K, committed 110464K, reserved 1144832K
  class space    used 13701K, capacity 14729K, committed 14976K, reserved 1048576K
}
Event: 193.499 GC heap before
{Heap before GC invocations=37 (full 0):
 garbage-first heap   total 198656K, used 166150K [0x0000000080000000, 0x0000000100000000)
  region size 1024K, 64 young (65536K), 1 survivors (1024K)
 Metaspace       used 107131K, capacity 109929K, committed 110464K, reserved 1144832K
  class space    used 13710K, capacity 14744K, committed 14976K, reserved 1048576K
}
Event: 193.506 GC heap after
{Heap after GC invocations=38 (full 0):
 garbage-first heap   total 198656K, used 104226K [0x0000000080000000, 0x0000000100000000)
  region size 1024K, 2 young (2048K), 2 survivors (2048K)
 Metaspace       used 107131K, capacity 109929K, committed 110464K, reserved 1144832K
  class space    used 13710K, capacity 14744K, committed 14976K, reserved 1048576K
}
Event: 194.465 GC heap before
{Heap before GC invocations=39 (full 0):
 garbage-first heap   total 198656K, used 165666K [0x0000000080000000, 0x0000000100000000)
  region size 1024K, 65 young (66560K), 2 survivors (2048K)
 Metaspace       used 107729K, capacity 110544K, committed 110976K, reserved 1144832K
  class space    used 13711K, capacity 14746K, committed 14976K, reserved 1048576K
}
Event: 194.470 GC heap after
{Heap after GC invocations=40 (full 0):
 garbage-first heap   total 198656K, used 102721K [0x0000000080000000, 0x0000000100000000)
  region size 1024K, 3 young (3072K), 3 survivors (3072K)
 Metaspace       used 107729K, capacity 110544K, committed 110976K, reserved 1144832K
  class space    used 13711K, capacity 14746K, committed 14976K, reserved 1048576K
}
Event: 194.517 GC heap before
{Heap before GC invocations=40 (full 0):
 garbage-first heap   total 198656K, used 108865K [0x0000000080000000, 0x0000000100000000)
  region size 1024K, 9 young (9216K), 3 survivors (3072K)
 Metaspace       used 107730K, capacity 110544K, committed 110976K, reserved 1144832K
  class space    used 13711K, capacity 14746K, committed 14976K, reserved 1048576K
}
Event: 194.524 GC heap after
{Heap after GC invocations=41 (full 0):
 garbage-first heap   total 198656K, used 99012K [0x0000000080000000, 0x0000000100000000)
  region size 1024K, 1 young (1024K), 1 survivors (1024K)
 Metaspace       used 107730K, capacity 110544K, committed 110976K, reserved 1144832K
  class space    used 13711K, capacity 14746K, committed 14976K, reserved 1048576K
}

