# JRE version: OpenJDK Runtime Environment (11.0.8+10) (build 11.0.8+10-b944.6842174)
# Java VM: OpenJDK 64-Bit Server VM (11.0.8+10-b944.6842174, mixed mode, tiered, compressed oops, g1 gc, windows-amd64)
Heap:
 garbage-first heap   total 238592K, used 161004K [0x0000000080000000, 0x0000000100000000)
  region size 1024K, 5 young (5120K), 1 survivors (1024K)
 Metaspace       used 149051K, capacity 153478K, committed 153680K, reserved 1183744K
  class space    used 18233K, capacity 19785K, committed 19840K, reserved 1048576K
GC Heap History (20 events):
Event: 1546.883 GC heap after
{Heap after GC invocations=105 (full 0):
 garbage-first heap   total 238592K, used 151716K [0x0000000080000000, 0x0000000100000000)
  region size 1024K, 7 young (7168K), 7 survivors (7168K)
 Metaspace       used 138157K, capacity 142217K, committed 142544K, reserved 1173504K
  class space    used 16912K, capacity 18312K, committed 18432K, reserved 1048576K
}
Event: 1547.035 GC heap before
{Heap before GC invocations=105 (full 0):
 garbage-first heap   total 238592K, used 155812K [0x0000000080000000, 0x0000000100000000)
  region size 1024K, 11 young (11264K), 7 survivors (7168K)
 Metaspace       used 138411K, capacity 142537K, committed 142800K, reserved 1173504K
  class space    used 16951K, capacity 18376K, committed 18432K, reserved 1048576K
}
Event: 1547.051 GC heap after
{Heap after GC invocations=106 (full 0):
 garbage-first heap   total 238592K, used 138949K [0x0000000080000000, 0x0000000100000000)
  region size 1024K, 1 young (1024K), 1 survivors (1024K)
 Metaspace       used 138411K, capacity 142537K, committed 142800K, reserved 1173504K
  class space    used 16951K, capacity 18376K, committed 18432K, reserved 1048576K
}
Event: 1548.367 GC heap before
{Heap before GC invocations=106 (full 0):
 garbage-first heap   total 238592K, used 194245K [0x0000000080000000, 0x0000000100000000)
  region size 1024K, 55 young (56320K), 1 survivors (1024K)
 Metaspace       used 141527K, capacity 145695K, committed 145872K, reserved 1175552K
  class space    used 17380K, capacity 18840K, committed 18944K, reserved 1048576K
}
Event: 1548.378 GC heap after
{Heap after GC invocations=107 (full 0):
 garbage-first heap   total 238592K, used 141940K [0x0000000080000000, 0x0000000100000000)
  region size 1024K, 4 young (4096K), 4 survivors (4096K)
 Metaspace       used 141527K, capacity 145695K, committed 145872K, reserved 1175552K
  class space    used 17380K, capacity 18840K, committed 18944K, reserved 1048576K
}
Event: 1549.636 GC heap before
{Heap before GC invocations=108 (full 0):
 garbage-first heap   total 238592K, used 211572K [0x0000000080000000, 0x0000000100000000)
  region size 1024K, 58 young (59392K), 4 survivors (4096K)
 Metaspace       used 142289K, capacity 146468K, committed 146640K, reserved 1177600K
  class space    used 17460K, capacity 18876K, committed 18944K, reserved 1048576K
}
Event: 1549.652 GC heap after
{Heap after GC invocations=109 (full 0):
 garbage-first heap   total 238592K, used 146432K [0x0000000080000000, 0x0000000100000000)
  region size 1024K, 8 young (8192K), 8 survivors (8192K)
 Metaspace       used 142289K, capacity 146468K, committed 146640K, reserved 1177600K
  class space    used 17460K, capacity 18876K, committed 18944K, reserved 1048576K
}
Event: 1549.684 GC heap before
{Heap before GC invocations=109 (full 0):
 garbage-first heap   total 238592K, used 149504K [0x0000000080000000, 0x0000000100000000)
  region size 1024K, 11 young (11264K), 8 survivors (8192K)
 Metaspace       used 142313K, capacity 146539K, committed 146640K, reserved 1177600K
  class space    used 17463K, capacity 18878K, committed 18944K, reserved 1048576K
}
Event: 1549.696 GC heap after
{Heap after GC invocations=110 (full 0):
 garbage-first heap   total 238592K, used 146774K [0x0000000080000000, 0x0000000100000000)
  region size 1024K, 2 young (2048K), 2 survivors (2048K)
 Metaspace       used 142313K, capacity 146539K, committed 146640K, reserved 1177600K
  class space    used 17463K, capacity 18878K, committed 18944K, reserved 1048576K
}
Event: 1550.142 GC heap before
{Heap before GC invocations=110 (full 0):
 garbage-first heap   total 238592K, used 196950K [0x0000000080000000, 0x0000000100000000)
  region size 1024K, 52 young (53248K), 2 survivors (2048K)
 Metaspace       used 142518K, capacity 146647K, committed 146896K, reserved 1177600K
  class space    used 17489K, capacity 18892K, committed 18944K, reserved 1048576K
}
Event: 1550.152 GC heap after
{Heap after GC invocations=111 (full 0):
 garbage-first heap   total 238592K, used 148356K [0x0000000080000000, 0x0000000100000000)
  region size 1024K, 3 young (3072K), 3 survivors (3072K)
 Metaspace       used 142518K, capacity 146647K, committed 146896K, reserved 1177600K
  class space    used 17489K, capacity 18892K, committed 18944K, reserved 1048576K
}
Event: 1550.894 GC heap before
{Heap before GC invocations=112 (full 0):
 garbage-first heap   total 238592K, used 198532K [0x0000000080000000, 0x0000000100000000)
  region size 1024K, 53 young (54272K), 3 survivors (3072K)
 Metaspace       used 146679K, capacity 150872K, committed 151120K, reserved 1181696K
  class space    used 18000K, capacity 19463K, committed 19584K, reserved 1048576K
}
Event: 1550.903 GC heap after
{Heap after GC invocations=113 (full 0):
 garbage-first heap   total 238592K, used 151130K [0x0000000080000000, 0x0000000100000000)
  region size 1024K, 6 young (6144K), 6 survivors (6144K)
 Metaspace       used 146679K, capacity 150872K, committed 151120K, reserved 1181696K
  class space    used 18000K, capacity 19463K, committed 19584K, reserved 1048576K
}
Event: 1550.962 GC heap before
{Heap before GC invocations=113 (full 0):
 garbage-first heap   total 238592K, used 156250K [0x0000000080000000, 0x0000000100000000)
  region size 1024K, 11 young (11264K), 6 survivors (6144K)
 Metaspace       used 146682K, capacity 150936K, committed 151120K, reserved 1181696K
  class space    used 18000K, capacity 19463K, committed 19584K, reserved 1048576K
}
Event: 1550.972 GC heap after
{Heap after GC invocations=114 (full 0):
 garbage-first heap   total 238592K, used 151407K [0x0000000080000000, 0x0000000100000000)
  region size 1024K, 1 young (1024K), 1 survivors (1024K)
 Metaspace       used 146682K, capacity 150936K, committed 151120K, reserved 1181696K
  class space    used 18000K, capacity 19463K, committed 19584K, reserved 1048576K
}
Event: 1551.383 GC heap before
{Heap before GC invocations=114 (full 0):
 garbage-first heap   total 238592K, used 200559K [0x0000000080000000, 0x0000000100000000)
  region size 1024K, 50 young (51200K), 1 survivors (1024K)
 Metaspace       used 147356K, capacity 151728K, committed 152016K, reserved 1181696K
  class space    used 18120K, capacity 19623K, committed 19712K, reserved 1048576K
}
Event: 1551.393 GC heap after
{Heap after GC invocations=115 (full 0):
 garbage-first heap   total 238592K, used 154057K [0x0000000080000000, 0x0000000100000000)
  region size 1024K, 4 young (4096K), 4 survivors (4096K)
 Metaspace       used 147356K, capacity 151728K, committed 152016K, reserved 1181696K
  class space    used 18120K, capacity 19623K, committed 19712K, reserved 1048576K
}
Event: 1585.763 GC heap before
{Heap before GC invocations=116 (full 0):
 garbage-first heap   total 238592K, used 202185K [0x0000000080000000, 0x0000000100000000)
  region size 1024K, 51 young (52224K), 4 survivors (4096K)
 Metaspace       used 149050K, capacity 153478K, committed 153680K, reserved 1183744K
  class space    used 18233K, capacity 19785K, committed 19840K, reserved 1048576K
}
Event: 1585.776 GC heap after
{Heap after GC invocations=117 (full 0):
 garbage-first heap   total 238592K, used 156908K [0x0000000080000000, 0x0000000100000000)
  region size 1024K, 7 young (7168K), 7 survivors (7168K)
 Metaspace       used 149050K, capacity 153478K, committed 153680K, reserved 1183744K
  class space    used 18233K, capacity 19785K, committed 19840K, reserved 1048576K
}
Event: 1585.879 GC heap before
{Heap before GC invocations=117 (full 0):
 garbage-first heap   total 238592K, used 159980K [0x0000000080000000, 0x0000000100000000)
  region size 1024K, 11 young (11264K), 7 survivors (7168K)
 Metaspace       used 149051K, capacity 153478K, committed 153680K, reserved 1183744K
  class space    used 18233K, capacity 19785K, committed 19840K, reserved 1048576K
}

