# JRE version: OpenJDK Runtime Environment (11.0.8+10) (build 11.0.8+10-b944.6842174)
# Java VM: OpenJDK 64-Bit Server VM (11.0.8+10-b944.6842174, mixed mode, tiered, compressed oops, g1 gc, windows-amd64)
Heap:
 garbage-first heap   total 167936K, used 134530K [0x0000000080000000, 0x0000000100000000)
  region size 1024K, 16 young (16384K), 2 survivors (2048K)
 Metaspace       used 107735K, capacity 110457K, committed 110592K, reserved 1144832K
  class space    used 13715K, capacity 14591K, committed 14592K, reserved 1048576K
GC Heap History (20 events):
Event: 182.898 GC heap before
{Heap before GC invocations=31 (full 0):
 garbage-first heap   total 164864K, used 138585K [0x0000000080000000, 0x0000000100000000)
  region size 1024K, 38 young (38912K), 5 survivors (5120K)
 Metaspace       used 92594K, capacity 95031K, committed 95232K, reserved 1132544K
  class space    used 11717K, capacity 12463K, committed 12544K, reserved 1048576K
}
Event: 182.907 GC heap after
{Heap after GC invocations=32 (full 0):
 garbage-first heap   total 164864K, used 107075K [0x0000000080000000, 0x0000000100000000)
  region size 1024K, 5 young (5120K), 5 survivors (5120K)
 Metaspace       used 92594K, capacity 95031K, committed 95232K, reserved 1132544K
  class space    used 11717K, capacity 12463K, committed 12544K, reserved 1048576K
}
Event: 183.682 GC heap before
{Heap before GC invocations=32 (full 0):
 garbage-first heap   total 164864K, used 139843K [0x0000000080000000, 0x0000000100000000)
  region size 1024K, 37 young (37888K), 5 survivors (5120K)
 Metaspace       used 94716K, capacity 97124K, committed 97280K, reserved 1134592K
  class space    used 12029K, capacity 12792K, committed 12800K, reserved 1048576K
}
Event: 183.689 GC heap after
{Heap after GC invocations=33 (full 0):
 garbage-first heap   total 164864K, used 108914K [0x0000000080000000, 0x0000000100000000)
  region size 1024K, 4 young (4096K), 4 survivors (4096K)
 Metaspace       used 94716K, capacity 97124K, committed 97280K, reserved 1134592K
  class space    used 12029K, capacity 12792K, committed 12800K, reserved 1048576K
}
Event: 184.293 GC heap before
{Heap before GC invocations=34 (full 0):
 garbage-first heap   total 164864K, used 140658K [0x0000000080000000, 0x0000000100000000)
  region size 1024K, 35 young (35840K), 4 survivors (4096K)
 Metaspace       used 97540K, capacity 100128K, committed 100352K, reserved 1136640K
  class space    used 12455K, capacity 13259K, committed 13312K, reserved 1048576K
}
Event: 184.302 GC heap after
{Heap after GC invocations=35 (full 0):
 garbage-first heap   total 164864K, used 110418K [0x0000000080000000, 0x0000000100000000)
  region size 1024K, 4 young (4096K), 4 survivors (4096K)
 Metaspace       used 97540K, capacity 100128K, committed 100352K, reserved 1136640K
  class space    used 12455K, capacity 13259K, committed 13312K, reserved 1048576K
}
Event: 184.711 GC heap before
{Heap before GC invocations=35 (full 0):
 garbage-first heap   total 164864K, used 134994K [0x0000000080000000, 0x0000000100000000)
  region size 1024K, 29 young (29696K), 4 survivors (4096K)
 Metaspace       used 100398K, capacity 102972K, committed 103296K, reserved 1138688K
  class space    used 12818K, capacity 13600K, committed 13696K, reserved 1048576K
}
Event: 184.717 GC heap after
{Heap after GC invocations=36 (full 0):
 garbage-first heap   total 164864K, used 111966K [0x0000000080000000, 0x0000000100000000)
  region size 1024K, 3 young (3072K), 3 survivors (3072K)
 Metaspace       used 100398K, capacity 102972K, committed 103296K, reserved 1138688K
  class space    used 12818K, capacity 13600K, committed 13696K, reserved 1048576K
}
Event: 184.980 GC heap before
{Heap before GC invocations=36 (full 0):
 garbage-first heap   total 164864K, used 163166K [0x0000000080000000, 0x0000000100000000)
  region size 1024K, 24 young (24576K), 3 survivors (3072K)
 Metaspace       used 100741K, capacity 103279K, committed 103552K, reserved 1138688K
  class space    used 12855K, capacity 13638K, committed 13696K, reserved 1048576K
}
Event: 184.988 GC heap after
{Heap after GC invocations=37 (full 0):
 garbage-first heap   total 167936K, used 112371K [0x0000000080000000, 0x0000000100000000)
  region size 1024K, 2 young (2048K), 2 survivors (2048K)
 Metaspace       used 100741K, capacity 103279K, committed 103552K, reserved 1138688K
  class space    used 12855K, capacity 13638K, committed 13696K, reserved 1048576K
}
Event: 185.530 GC heap before
{Heap before GC invocations=38 (full 0):
 garbage-first heap   total 167936K, used 143091K [0x0000000080000000, 0x0000000100000000)
  region size 1024K, 33 young (33792K), 2 survivors (2048K)
 Metaspace       used 101699K, capacity 104234K, committed 104448K, reserved 1140736K
  class space    used 12957K, capacity 13776K, committed 13824K, reserved 1048576K
}
Event: 185.541 GC heap after
{Heap after GC invocations=39 (full 0):
 garbage-first heap   total 167936K, used 116429K [0x0000000080000000, 0x0000000100000000)
  region size 1024K, 5 young (5120K), 5 survivors (5120K)
 Metaspace       used 101699K, capacity 104234K, committed 104448K, reserved 1140736K
  class space    used 12957K, capacity 13776K, committed 13824K, reserved 1048576K
}
Event: 185.956 GC heap before
{Heap before GC invocations=39 (full 0):
 garbage-first heap   total 167936K, used 143053K [0x0000000080000000, 0x0000000100000000)
  region size 1024K, 32 young (32768K), 5 survivors (5120K)
 Metaspace       used 102361K, capacity 105026K, committed 105088K, reserved 1140736K
  class space    used 13067K, capacity 13934K, committed 13952K, reserved 1048576K
}
Event: 185.966 GC heap after
{Heap after GC invocations=40 (full 0):
 garbage-first heap   total 167936K, used 120284K [0x0000000080000000, 0x0000000100000000)
  region size 1024K, 4 young (4096K), 4 survivors (4096K)
 Metaspace       used 102361K, capacity 105026K, committed 105088K, reserved 1140736K
  class space    used 13067K, capacity 13934K, committed 13952K, reserved 1048576K
}
Event: 186.637 GC heap before
{Heap before GC invocations=41 (full 0):
 garbage-first heap   total 167936K, used 143836K [0x0000000080000000, 0x0000000100000000)
  region size 1024K, 27 young (27648K), 4 survivors (4096K)
 Metaspace       used 104056K, capacity 106745K, committed 106880K, reserved 1142784K
  class space    used 13267K, capacity 14143K, committed 14208K, reserved 1048576K
}
Event: 186.643 GC heap after
{Heap after GC invocations=42 (full 0):
 garbage-first heap   total 167936K, used 121388K [0x0000000080000000, 0x0000000100000000)
  region size 1024K, 2 young (2048K), 2 survivors (2048K)
 Metaspace       used 104056K, capacity 106745K, committed 106880K, reserved 1142784K
  class space    used 13267K, capacity 14143K, committed 14208K, reserved 1048576K
}
Event: 186.706 GC heap before
{Heap before GC invocations=42 (full 0):
 garbage-first heap   total 167936K, used 126508K [0x0000000080000000, 0x0000000100000000)
  region size 1024K, 8 young (8192K), 2 survivors (2048K)
 Metaspace       used 104618K, capacity 107353K, committed 107520K, reserved 1142784K
  class space    used 13348K, capacity 14239K, committed 14336K, reserved 1048576K
}
Event: 186.711 GC heap after
{Heap after GC invocations=43 (full 0):
 garbage-first heap   total 167936K, used 120490K [0x0000000080000000, 0x0000000100000000)
  region size 1024K, 1 young (1024K), 1 survivors (1024K)
 Metaspace       used 104618K, capacity 107353K, committed 107520K, reserved 1142784K
  class space    used 13348K, capacity 14239K, committed 14336K, reserved 1048576K
}
Event: 186.989 GC heap before
{Heap before GC invocations=43 (full 0):
 garbage-first heap   total 167936K, used 143018K [0x0000000080000000, 0x0000000100000000)
  region size 1024K, 23 young (23552K), 1 survivors (1024K)
 Metaspace       used 106751K, capacity 109465K, committed 109568K, reserved 1144832K
  class space    used 13611K, capacity 14495K, committed 14592K, reserved 1048576K
}
Event: 186.993 GC heap after
{Heap after GC invocations=44 (full 0):
 garbage-first heap   total 167936K, used 121218K [0x0000000080000000, 0x0000000100000000)
  region size 1024K, 2 young (2048K), 2 survivors (2048K)
 Metaspace       used 106751K, capacity 109465K, committed 109568K, reserved 1144832K
  class space    used 13611K, capacity 14495K, committed 14592K, reserved 1048576K
}

